# JRE version: OpenJDK Runtime Environment (8.0_202-b03) (build 1.8.0_202-release-1483-b03)
# Java VM: OpenJDK 64-Bit Server VM (25.202-b03 mixed mode windows-amd64 compressed oops)
Heap:
 PSYoungGen      total 155648K, used 110078K [0x00000000f5580000, 0x00000000ffe80000, 0x0000000100000000)
  eden space 138240K, 78% used [0x00000000f5580000,0x00000000fbfd1780,0x00000000fdc80000)
  from space 17408K, 6% used [0x00000000fed80000,0x00000000feeae3a0,0x00000000ffe80000)
  to   space 17408K, 0% used [0x00000000fdc80000,0x00000000fdc80000,0x00000000fed80000)
 ParOldGen       total 175104K, used 55809K [0x00000000e0000000, 0x00000000eab00000, 0x00000000f5580000)
  object space 175104K, 31% used [0x00000000e0000000,0x00000000e3680700,0x00000000eab00000)
 Metaspace       used 72592K, capacity 75236K, committed 75352K, reserved 1114112K
  class space    used 9704K, capacity 10289K, committed 10368K, reserved 1048576K
GC Heap History (10 events):
Event: 36.721 GC heap before
{Heap before GC invocations=39 (full 3):
 PSYoungGen      total 151552K, used 133191K [0x00000000f5580000, 0x00000000ffe00000, 0x0000000100000000)
  eden space 131072K, 100% used [0x00000000f5580000,0x00000000fd580000,0x00000000fd580000)
  from space 20480K, 10% used [0x00000000fd580000,0x00000000fd791c70,0x00000000fe980000)
  to   space 19456K, 0% used [0x00000000feb00000,0x00000000feb00000,0x00000000ffe00000)
 ParOldGen       total 175104K, used 55641K [0x00000000e0000000, 0x00000000eab00000, 0x00000000f5580000)
  object space 175104K, 31% used [0x00000000e0000000,0x00000000e3656700,0x00000000eab00000)
 Metaspace       used 72501K, capacity 75162K, committed 75352K, reserved 1114112K
  class space    used 9703K, capacity 10288K, committed 10368K, reserved 1048576K
Event: 36.734 GC heap after
Heap after GC invocations=39 (full 3):
 PSYoungGen      total 153088K, used 8436K [0x00000000f5580000, 0x00000000fff00000, 0x0000000100000000)
  eden space 133632K, 0% used [0x00000000f5580000,0x00000000f5580000,0x00000000fd800000)
  from space 19456K, 43% used [0x00000000feb00000,0x00000000ff33d388,0x00000000ffe00000)
  to   space 19456K, 0% used [0x00000000fd800000,0x00000000fd800000,0x00000000feb00000)
 ParOldGen       total 175104K, used 55689K [0x00000000e0000000, 0x00000000eab00000, 0x00000000f5580000)
  object space 175104K, 31% used [0x00000000e0000000,0x00000000e3662700,0x00000000eab00000)
 Metaspace       used 72501K, capacity 75162K, committed 75352K, reserved 1114112K
  class space    used 9703K, capacity 10288K, committed 10368K, reserved 1048576K
}
Event: 37.332 GC heap before
{Heap before GC invocations=40 (full 3):
 PSYoungGen      total 153088K, used 142068K [0x00000000f5580000, 0x00000000fff00000, 0x0000000100000000)
  eden space 133632K, 100% used [0x00000000f5580000,0x00000000fd800000,0x00000000fd800000)
  from space 19456K, 43% used [0x00000000feb00000,0x00000000ff33d388,0x00000000ffe00000)
  to   space 19456K, 0% used [0x00000000fd800000,0x00000000fd800000,0x00000000feb00000)
 ParOldGen       total 175104K, used 55689K [0x00000000e0000000, 0x00000000eab00000, 0x00000000f5580000)
  object space 175104K, 31% used [0x00000000e0000000,0x00000000e3662700,0x00000000eab00000)
 Metaspace       used 72506K, capacity 75162K, committed 75352K, reserved 1114112K
  class space    used 9703K, capacity 10288K, committed 10368K, reserved 1048576K
Event: 37.343 GC heap after
Heap after GC invocations=40 (full 3):
 PSYoungGen      total 153088K, used 8557K [0x00000000f5580000, 0x00000000fff00000, 0x0000000100000000)
  eden space 133632K, 0% used [0x00000000f5580000,0x00000000f5580000,0x00000000fd800000)
  from space 19456K, 43% used [0x00000000fd800000,0x00000000fe05b688,0x00000000feb00000)
  to   space 18944K, 0% used [0x00000000fec80000,0x00000000fec80000,0x00000000fff00000)
 ParOldGen       total 175104K, used 55697K [0x00000000e0000000, 0x00000000eab00000, 0x00000000f5580000)
  object space 175104K, 31% used [0x00000000e0000000,0x00000000e3664700,0x00000000eab00000)
 Metaspace       used 72506K, capacity 75162K, committed 75352K, reserved 1114112K
  class space    used 9703K, capacity 10288K, committed 10368K, reserved 1048576K
}
Event: 38.253 GC heap before
{Heap before GC invocations=41 (full 3):
 PSYoungGen      total 153088K, used 142189K [0x00000000f5580000, 0x00000000fff00000, 0x0000000100000000)
  eden space 133632K, 100% used [0x00000000f5580000,0x00000000fd800000,0x00000000fd800000)
  from space 19456K, 43% used [0x00000000fd800000,0x00000000fe05b688,0x00000000feb00000)
  to   space 18944K, 0% used [0x00000000fec80000,0x00000000fec80000,0x00000000fff00000)
 ParOldGen       total 175104K, used 55697K [0x00000000e0000000, 0x00000000eab00000, 0x00000000f5580000)
  object space 175104K, 31% used [0x00000000e0000000,0x00000000e3664700,0x00000000eab00000)
 Metaspace       used 72515K, capacity 75162K, committed 75352K, reserved 1114112K
  class space    used 9703K, capacity 10288K, committed 10368K, reserved 1048576K
Event: 38.262 GC heap after
Heap after GC invocations=41 (full 3):
 PSYoungGen      total 154624K, used 7654K [0x00000000f5580000, 0x00000000ffe80000, 0x0000000100000000)
  eden space 136192K, 0% used [0x00000000f5580000,0x00000000f5580000,0x00000000fda80000)
  from space 18432K, 41% used [0x00000000fec80000,0x00000000ff3f98d0,0x00000000ffe80000)
  to   space 18432K, 0% used [0x00000000fda80000,0x00000000fda80000,0x00000000fec80000)
 ParOldGen       total 175104K, used 55721K [0x00000000e0000000, 0x00000000eab00000, 0x00000000f5580000)
  object space 175104K, 31% used [0x00000000e0000000,0x00000000e366a700,0x00000000eab00000)
 Metaspace       used 72515K, capacity 75162K, committed 75352K, reserved 1114112K
  class space    used 9703K, capacity 10288K, committed 10368K, reserved 1048576K
}
Event: 39.102 GC heap before
{Heap before GC invocations=42 (full 3):
 PSYoungGen      total 154624K, used 143846K [0x00000000f5580000, 0x00000000ffe80000, 0x0000000100000000)
  eden space 136192K, 100% used [0x00000000f5580000,0x00000000fda80000,0x00000000fda80000)
  from space 18432K, 41% used [0x00000000fec80000,0x00000000ff3f98d0,0x00000000ffe80000)
  to   space 18432K, 0% used [0x00000000fda80000,0x00000000fda80000,0x00000000fec80000)
 ParOldGen       total 175104K, used 55721K [0x00000000e0000000, 0x00000000eab00000, 0x00000000f5580000)
  object space 175104K, 31% used [0x00000000e0000000,0x00000000e366a700,0x00000000eab00000)
 Metaspace       used 72527K, capacity 75226K, committed 75352K, reserved 1114112K
  class space    used 9703K, capacity 10288K, committed 10368K, reserved 1048576K
Event: 39.105 GC heap after
Heap after GC invocations=42 (full 3):
 PSYoungGen      total 154624K, used 800K [0x00000000f5580000, 0x00000000fff00000, 0x0000000100000000)
  eden space 136192K, 0% used [0x00000000f5580000,0x00000000f5580000,0x00000000fda80000)
  from space 18432K, 4% used [0x00000000fda80000,0x00000000fdb48000,0x00000000fec80000)
  to   space 17920K, 0% used [0x00000000fed80000,0x00000000fed80000,0x00000000fff00000)
 ParOldGen       total 175104K, used 55777K [0x00000000e0000000, 0x00000000eab00000, 0x00000000f5580000)
  object space 175104K, 31% used [0x00000000e0000000,0x00000000e3678700,0x00000000eab00000)
 Metaspace       used 72527K, capacity 75226K, committed 75352K, reserved 1114112K
  class space    used 9703K, capacity 10288K, committed 10368K, reserved 1048576K
}
Event: 40.016 GC heap before
{Heap before GC invocations=43 (full 3):
 PSYoungGen      total 154624K, used 136992K [0x00000000f5580000, 0x00000000fff00000, 0x0000000100000000)
  eden space 136192K, 100% used [0x00000000f5580000,0x00000000fda80000,0x00000000fda80000)
  from space 18432K, 4% used [0x00000000fda80000,0x00000000fdb48000,0x00000000fec80000)
  to   space 17920K, 0% used [0x00000000fed80000,0x00000000fed80000,0x00000000fff00000)
 ParOldGen       total 175104K, used 55777K [0x00000000e0000000, 0x00000000eab00000, 0x00000000f5580000)
  object space 175104K, 31% used [0x00000000e0000000,0x00000000e3678700,0x00000000eab00000)
 Metaspace       used 72555K, capacity 75230K, committed 75352K, reserved 1114112K
  class space    used 9703K, capacity 10288K, committed 10368K, reserved 1048576K
Event: 40.021 GC heap after
Heap after GC invocations=43 (full 3):
 PSYoungGen      total 155648K, used 1208K [0x00000000f5580000, 0x00000000ffe80000, 0x0000000100000000)
  eden space 138240K, 0% used [0x00000000f5580000,0x00000000f5580000,0x00000000fdc80000)
  from space 17408K, 6% used [0x00000000fed80000,0x00000000feeae3a0,0x00000000ffe80000)
  to   space 17408K, 0% used [0x00000000fdc80000,0x00000000fdc80000,0x00000000fed80000)
 ParOldGen       total 175104K, used 55809K [0x00000000e0000000, 0x00000000eab00000, 0x00000000f5580000)
  object space 175104K, 31% used [0x00000000e0000000,0x00000000e3680700,0x00000000eab00000)
 Metaspace       used 72555K, capacity 75230K, committed 75352K, reserved 1114112K
  class space    used 9703K, capacity 10288K, committed 10368K, reserved 1048576K
}

