# JRE version: OpenJDK Runtime Environment (8.0_202-b03) (build 1.8.0_202-release-1483-b03)
# Java VM: OpenJDK 64-Bit Server VM (25.202-b03 mixed mode windows-amd64 compressed oops)
Heap:
 PSYoungGen      total 134144K, used 96543K [0x00000000f5580000, 0x0000000100000000, 0x0000000100000000)
  eden space 103936K, 63% used [0x00000000f5580000,0x00000000f9648248,0x00000000fbb00000)
  from space 30208K, 99% used [0x00000000fe280000,0x00000000fffffc20,0x0000000100000000)
  to   space 35328K, 0% used [0x00000000fbb00000,0x00000000fbb00000,0x00000000fdd80000)
 ParOldGen       total 261120K, used 46986K [0x00000000e0000000, 0x00000000eff00000, 0x00000000f5580000)
  object space 261120K, 17% used [0x00000000e0000000,0x00000000e2de2a60,0x00000000eff00000)
 Metaspace       used 80266K, capacity 83452K, committed 83544K, reserved 1122304K
  class space    used 10645K, capacity 11305K, committed 11392K, reserved 1048576K
GC Heap History (10 events):
Event: 343.082 GC heap before
{Heap before GC invocations=13 (full 3):
 PSYoungGen      total 150528K, used 133120K [0x00000000f5580000, 0x0000000100000000, 0x0000000100000000)
  eden space 133120K, 100% used [0x00000000f5580000,0x00000000fd780000,0x00000000fd780000)
  from space 17408K, 0% used [0x00000000fd780000,0x00000000fd780000,0x00000000fe880000)
  to   space 19968K, 0% used [0x00000000fec80000,0x00000000fec80000,0x0000000100000000)
 ParOldGen       total 261120K, used 33909K [0x00000000e0000000, 0x00000000eff00000, 0x00000000f5580000)
  object space 261120K, 12% used [0x00000000e0000000,0x00000000e211d460,0x00000000eff00000)
 Metaspace       used 64545K, capacity 66498K, committed 66776K, reserved 1107968K
  class space    used 8474K, capacity 8934K, committed 8960K, reserved 1048576K
Event: 343.100 GC heap after
Heap after GC invocations=13 (full 3):
 PSYoungGen      total 154624K, used 13855K [0x00000000f5580000, 0x0000000100000000, 0x0000000100000000)
  eden space 134656K, 0% used [0x00000000f5580000,0x00000000f5580000,0x00000000fd900000)
  from space 19968K, 69% used [0x00000000fec80000,0x00000000ffa07ea8,0x0000000100000000)
  to   space 19968K, 0% used [0x00000000fd900000,0x00000000fd900000,0x00000000fec80000)
 ParOldGen       total 261120K, used 33917K [0x00000000e0000000, 0x00000000eff00000, 0x00000000f5580000)
  object space 261120K, 12% used [0x00000000e0000000,0x00000000e211f460,0x00000000eff00000)
 Metaspace       used 64545K, capacity 66498K, committed 66776K, reserved 1107968K
  class space    used 8474K, capacity 8934K, committed 8960K, reserved 1048576K
}
Event: 347.727 GC heap before
{Heap before GC invocations=14 (full 3):
 PSYoungGen      total 154624K, used 148511K [0x00000000f5580000, 0x0000000100000000, 0x0000000100000000)
  eden space 134656K, 100% used [0x00000000f5580000,0x00000000fd900000,0x00000000fd900000)
  from space 19968K, 69% used [0x00000000fec80000,0x00000000ffa07ea8,0x0000000100000000)
  to   space 19968K, 0% used [0x00000000fd900000,0x00000000fd900000,0x00000000fec80000)
 ParOldGen       total 261120K, used 33917K [0x00000000e0000000, 0x00000000eff00000, 0x00000000f5580000)
  object space 261120K, 12% used [0x00000000e0000000,0x00000000e211f460,0x00000000eff00000)
 Metaspace       used 67747K, capacity 69822K, committed 70104K, reserved 1110016K
  class space    used 8860K, capacity 9378K, committed 9472K, reserved 1048576K
Event: 347.748 GC heap after
Heap after GC invocations=14 (full 3):
 PSYoungGen      total 153088K, used 18143K [0x00000000f5580000, 0x0000000100000000, 0x0000000100000000)
  eden space 134656K, 0% used [0x00000000f5580000,0x00000000f5580000,0x00000000fd900000)
  from space 18432K, 98% used [0x00000000fd900000,0x00000000feab7fb8,0x00000000feb00000)
  to   space 21504K, 0% used [0x00000000feb00000,0x00000000feb00000,0x0000000100000000)
 ParOldGen       total 261120K, used 33925K [0x00000000e0000000, 0x00000000eff00000, 0x00000000f5580000)
  object space 261120K, 12% used [0x00000000e0000000,0x00000000e2121460,0x00000000eff00000)
 Metaspace       used 67747K, capacity 69822K, committed 70104K, reserved 1110016K
  class space    used 8860K, capacity 9378K, committed 9472K, reserved 1048576K
}
Event: 349.490 GC heap before
{Heap before GC invocations=15 (full 3):
 PSYoungGen      total 153088K, used 152799K [0x00000000f5580000, 0x0000000100000000, 0x0000000100000000)
  eden space 134656K, 100% used [0x00000000f5580000,0x00000000fd900000,0x00000000fd900000)
  from space 18432K, 98% used [0x00000000fd900000,0x00000000feab7fb8,0x00000000feb00000)
  to   space 21504K, 0% used [0x00000000feb00000,0x00000000feb00000,0x0000000100000000)
 ParOldGen       total 261120K, used 33940K [0x00000000e0000000, 0x00000000eff00000, 0x00000000f5580000)
  object space 261120K, 12% used [0x00000000e0000000,0x00000000e21250a8,0x00000000eff00000)
 Metaspace       used 70046K, capacity 72306K, committed 72408K, reserved 1112064K
  class space    used 9174K, capacity 9688K, committed 9728K, reserved 1048576K
Event: 349.519 GC heap after
Heap after GC invocations=15 (full 3):
 PSYoungGen      total 139776K, used 21497K [0x00000000f5580000, 0x0000000100000000, 0x0000000100000000)
  eden space 118272K, 0% used [0x00000000f5580000,0x00000000f5580000,0x00000000fc900000)
  from space 21504K, 99% used [0x00000000feb00000,0x00000000ffffe538,0x0000000100000000)
  to   space 28160K, 0% used [0x00000000fc900000,0x00000000fc900000,0x00000000fe480000)
 ParOldGen       total 261120K, used 44884K [0x00000000e0000000, 0x00000000eff00000, 0x00000000f5580000)
  object space 261120K, 17% used [0x00000000e0000000,0x00000000e2bd50d0,0x00000000eff00000)
 Metaspace       used 70046K, capacity 72306K, committed 72408K, reserved 1112064K
  class space    used 9174K, capacity 9688K, committed 9728K, reserved 1048576K
}
Event: 408.611 GC heap before
{Heap before GC invocations=16 (full 3):
 PSYoungGen      total 139776K, used 139769K [0x00000000f5580000, 0x0000000100000000, 0x0000000100000000)
  eden space 118272K, 100% used [0x00000000f5580000,0x00000000fc900000,0x00000000fc900000)
  from space 21504K, 99% used [0x00000000feb00000,0x00000000ffffe538,0x0000000100000000)
  to   space 28160K, 0% used [0x00000000fc900000,0x00000000fc900000,0x00000000fe480000)
 ParOldGen       total 261120K, used 44890K [0x00000000e0000000, 0x00000000eff00000, 0x00000000f5580000)
  object space 261120K, 17% used [0x00000000e0000000,0x00000000e2bd68f0,0x00000000eff00000)
 Metaspace       used 72499K, capacity 75078K, committed 75224K, reserved 1114112K
  class space    used 9580K, capacity 10142K, committed 10240K, reserved 1048576K
Event: 408.659 GC heap after
Heap after GC invocations=16 (full 3):
 PSYoungGen      total 143360K, used 24632K [0x00000000f5580000, 0x0000000100000000, 0x0000000100000000)
  eden space 118272K, 0% used [0x00000000f5580000,0x00000000f5580000,0x00000000fc900000)
  from space 25088K, 98% used [0x00000000fc900000,0x00000000fe10e160,0x00000000fe180000)
  to   space 30208K, 0% used [0x00000000fe280000,0x00000000fe280000,0x0000000100000000)
 ParOldGen       total 261120K, used 44898K [0x00000000e0000000, 0x00000000eff00000, 0x00000000f5580000)
  object space 261120K, 17% used [0x00000000e0000000,0x00000000e2bd88f0,0x00000000eff00000)
 Metaspace       used 72499K, capacity 75078K, committed 75224K, reserved 1114112K
  class space    used 9580K, capacity 10142K, committed 10240K, reserved 1048576K
}
Event: 411.307 GC heap before
{Heap before GC invocations=17 (full 3):
 PSYoungGen      total 143360K, used 142904K [0x00000000f5580000, 0x0000000100000000, 0x0000000100000000)
  eden space 118272K, 100% used [0x00000000f5580000,0x00000000fc900000,0x00000000fc900000)
  from space 25088K, 98% used [0x00000000fc900000,0x00000000fe10e160,0x00000000fe180000)
  to   space 30208K, 0% used [0x00000000fe280000,0x00000000fe280000,0x0000000100000000)
 ParOldGen       total 261120K, used 44898K [0x00000000e0000000, 0x00000000eff00000, 0x00000000f5580000)
  object space 261120K, 17% used [0x00000000e0000000,0x00000000e2bd88f0,0x00000000eff00000)
 Metaspace       used 77507K, capacity 80342K, committed 80600K, reserved 1118208K
  class space    used 10316K, capacity 10910K, committed 11008K, reserved 1048576K
Event: 411.332 GC heap after
Heap after GC invocations=17 (full 3):
 PSYoungGen      total 134144K, used 30207K [0x00000000f5580000, 0x0000000100000000, 0x0000000100000000)
  eden space 103936K, 0% used [0x00000000f5580000,0x00000000f5580000,0x00000000fbb00000)
  from space 30208K, 99% used [0x00000000fe280000,0x00000000fffffc20,0x0000000100000000)
  to   space 35328K, 0% used [0x00000000fbb00000,0x00000000fbb00000,0x00000000fdd80000)
 ParOldGen       total 261120K, used 46986K [0x00000000e0000000, 0x00000000eff00000, 0x00000000f5580000)
  object space 261120K, 17% used [0x00000000e0000000,0x00000000e2de2a60,0x00000000eff00000)
 Metaspace       used 77507K, capacity 80342K, committed 80600K, reserved 1118208K
  class space    used 10316K, capacity 10910K, committed 11008K, reserved 1048576K
}

